Makefile:378: target `/Xusage.txt' given more than once in the same rule.
cd /home/openjdk/hotspot/make; \
make VM_TARGET=jvmg generic_build2 ALT_OUTPUTDIR=/home/openjdk/hotspot/build_jvm
make[1]: Entering directory `/home/openjdk/hotspot/make'
Makefile:378: target `/Xusage.txt' given more than once in the same rule.
mkdir -p /home/openjdk/hotspot/build_jvm
cd /home/openjdk/hotspot/build_jvm; \
    make -f /home/openjdk/hotspot/make/linux/Makefile \
	       LP64=1 JAVA_HOME=/home/jdk1.6.0_35 OUTPUTDIR=/home/openjdk/hotspot/build_jvm GAMMADIR=/home/openjdk/hotspot MAKE_VERBOSE=y HOTSPOT_RELEASE_VERSION=21.0-b17 JRE_RELEASE_VERSION="1.7.0" HOTSPOT_BUILD_VERSION=internal jvmg
make[2]: Entering directory `/home/openjdk/hotspot/build_jvm'
cd linux_amd64_compiler2/jvmg && make -w " LP64=1 "
make[3]: Entering directory `/home/openjdk/hotspot/build_jvm/linux_amd64_compiler2/jvmg'
make[4]: Entering directory `/home/openjdk/hotspot/build_jvm/linux_amd64_compiler2/jvmg'
../generated/adfiles/adlc -DLINUX -D_GNU_SOURCE -DAMD64 -q -T -g -D_LP64 ../generated/adfiles/linux_x86_64.ad  \
 -c../generated/adfiles/mktmp20147/ad_x86_64.cpp -h../generated/adfiles/mktmp20147/ad_x86_64.hpp -a../generated/adfiles/mktmp20147/dfa_x86_64.cpp -v../generated/adfiles/mktmp20147/adGlobals_x86_64.hpp \
    || { rm -rf ../generated/adfiles/mktmp20147; exit 1; }
./adlc_updater ad_x86_64.cpp ../generated/adfiles/mktmp20147 ../generated/adfiles
./adlc_updater ad_x86_64.hpp ../generated/adfiles/mktmp20147 ../generated/adfiles
./adlc_updater ad_x86_64_clone.cpp ../generated/adfiles/mktmp20147 ../generated/adfiles
./adlc_updater ad_x86_64_expand.cpp ../generated/adfiles/mktmp20147 ../generated/adfiles
./adlc_updater ad_x86_64_format.cpp ../generated/adfiles/mktmp20147 ../generated/adfiles
./adlc_updater ad_x86_64_gen.cpp ../generated/adfiles/mktmp20147 ../generated/adfiles
./adlc_updater ad_x86_64_misc.cpp ../generated/adfiles/mktmp20147 ../generated/adfiles
./adlc_updater ad_x86_64_peephole.cpp ../generated/adfiles/mktmp20147 ../generated/adfiles
./adlc_updater ad_x86_64_pipeline.cpp ../generated/adfiles/mktmp20147 ../generated/adfiles
./adlc_updater adGlobals_x86_64.hpp ../generated/adfiles/mktmp20147 ../generated/adfiles
./adlc_updater dfa_x86_64.cpp ../generated/adfiles/mktmp20147 ../generated/adfiles
[ -f ../generated/adfiles/mktmp20147/made-change ] \
	|| echo "Rescanned ../generated/adfiles/linux_x86_64.ad  but encountered no changes."
Rescanned ../generated/adfiles/linux_x86_64.ad  but encountered no changes.
rm -rf ../generated/adfiles/mktmp20147
make[4]: Leaving directory `/home/openjdk/hotspot/build_jvm/linux_amd64_compiler2/jvmg'
make[4]: Entering directory `/home/openjdk/hotspot/build_jvm/linux_amd64_compiler2/jvmg'
make[4]: Nothing to be done for `all'.
make[4]: Leaving directory `/home/openjdk/hotspot/build_jvm/linux_amd64_compiler2/jvmg'
make[4]: Entering directory `/home/openjdk/hotspot/build_jvm/linux_amd64_compiler2/jvmg'
if [ -d /home/openjdk/hotspot/agent -a "x86" != "ia64" \
             -a "x86" != "arm" \
             -a "x86" != "ppc" \
             -a "x86" != "zero" ] ; then \
   make -f sa.make /home/openjdk/hotspot/build_jvm/linux_amd64_compiler2/jvmg/../generated/sa-jdi.jar; \
fi
make[5]: Entering directory `/home/openjdk/hotspot/build_jvm/linux_amd64_compiler2/jvmg'
make[5]: `/home/openjdk/hotspot/build_jvm/linux_amd64_compiler2/jvmg/../generated/sa-jdi.jar' is up to date.
make[5]: Leaving directory `/home/openjdk/hotspot/build_jvm/linux_amd64_compiler2/jvmg'
make[4]: Leaving directory `/home/openjdk/hotspot/build_jvm/linux_amd64_compiler2/jvmg'
make[4]: Entering directory `/home/openjdk/hotspot/build_jvm/linux_amd64_compiler2/jvmg'
make[4]: `precompiled.hpp.gch' is up to date.
make[4]: Leaving directory `/home/openjdk/hotspot/build_jvm/linux_amd64_compiler2/jvmg'
make[4]: Entering directory `/home/openjdk/hotspot/build_jvm/linux_amd64_compiler2/jvmg'
make[4]: Nothing to be done for `default'.
make[4]: Leaving directory `/home/openjdk/hotspot/build_jvm/linux_amd64_compiler2/jvmg'
All done.
make[3]: Leaving directory `/home/openjdk/hotspot/build_jvm/linux_amd64_compiler2/jvmg'
cd linux_amd64_compiler2/jvmg && ./test_gamma
java full version "1.6.0_35-b10"
java version "1.6.0_35"
Java(TM) SE Runtime Environment (build 1.6.0_35-b10)
OpenJDK 64-Bit Server VM (build 21.0-b17-internal-jvmg, mixed mode)

 1. A1 B5 C8 D6 E3 F7 G2 H4 
 2. A1 B6 C8 D3 E7 F4 G2 H5 
 3. A1 B7 C4 D6 E8 F2 G5 H3 
 4. A1 B7 C5 D8 E2 F4 G6 H3 
 5. A2 B4 C6 D8 E3 F1 G7 H5 
 6. A2 B5 C7 D1 E3 F8 G6 H4 
 7. A2 B5 C7 D4 E1 F8 G6 H3 
 8. A2 B6 C1 D7 E4 F8 G3 H5 
 9. A2 B6 C8 D3 E1 F4 G7 H5 
10. A2 B7 C3 D6 E8 F5 G1 H4 
11. A2 B7 C5 D8 E1 F4 G6 H3 
12. A2 B8 C6 D1 E3 F5 G7 H4 
13. A3 B1 C7 D5 E8 F2 G4 H6 
14. A3 B5 C2 D8 E1 F7 G4 H6 
15. A3 B5 C2 D8 E6 F4 G7 H1 
16. A3 B5 C7 D1 E4 F2 G8 H6 
17. A3 B5 C8 D4 E1 F7 G2 H6 
18. A3 B6 C2 D5 E8 F1 G7 H4 
19. A3 B6 C2 D7 E1 F4 G8 H5 
20. A3 B6 C2 D7 E5 F1 G8 H4 
21. A3 B6 C4 D1 E8 F5 G7 H2 
22. A3 B6 C4 D2 E8 F5 G7 H1 
23. A3 B6 C8 D1 E4 F7 G5 H2 
24. A3 B6 C8 D1 E5 F7 G2 H4 
25. A3 B6 C8 D2 E4 F1 G7 H5 
26. A3 B7 C2 D8 E5 F1 G4 H6 
27. A3 B7 C2 D8 E6 F4 G1 H5 
28. A3 B8 C4 D7 E1 F6 G2 H5 
29. A4 B1 C5 D8 E2 F7 G3 H6 
30. A4 B1 C5 D8 E6 F3 G7 H2 
31. A4 B2 C5 D8 E6 F1 G3 H7 
32. A4 B2 C7 D3 E6 F8 G1 H5 
33. A4 B2 C7 D3 E6 F8 G5 H1 
34. A4 B2 C7 D5 E1 F8 G6 H3 
35. A4 B2 C8 D5 E7 F1 G3 H6 
36. A4 B2 C8 D6 E1 F3 G5 H7 
37. A4 B6 C1 D5 E2 F8 G3 H7 
38. A4 B6 C8 D2 E7 F1 G3 H5 
39. A4 B6 C8 D3 E1 F7 G5 H2 
40. A4 B7 C1 D8 E5 F2 G6 H3 
41. A4 B7 C3 D8 E2 F5 G1 H6 
42. A4 B7 C5 D2 E6 F1 G3 H8 
43. A4 B7 C5 D3 E1 F6 G8 H2 
44. A4 B8 C1 D3 E6 F2 G7 H5 
45. A4 B8 C1 D5 E7 F2 G6 H3 
46. A4 B8 C5 D3 E1 F7 G2 H6 
47. A5 B1 C4 D6 E8 F2 G7 H3 
48. A5 B1 C8 D4 E2 F7 G3 H6 
49. A5 B1 C8 D6 E3 F7 G2 H4 
50. A5 B2 C4 D6 E8 F3 G1 H7 
51. A5 B2 C4 D7 E3 F8 G6 H1 
52. A5 B2 C6 D1 E7 F4 G8 H3 
53. A5 B2 C8 D1 E4 F7 G3 H6 
54. A5 B3 C1 D6 E8 F2 G4 H7 
55. A5 B3 C1 D7 E2 F8 G6 H4 
56. A5 B3 C8 D4 E7 F1 G6 H2 
57. A5 B7 C1 D3 E8 F6 G4 H2 
58. A5 B7 C1 D4 E2 F8 G6 H3 
59. A5 B7 C2 D4 E8 F1 G3 H6 
60. A5 B7 C2 D6 E3 F1 G4 H8 
61. A5 B7 C2 D6 E3 F1 G8 H4 
62. A5 B7 C4 D1 E3 F8 G6 H2 
63. A5 B8 C4 D1 E3 F6 G2 H7 
64. A5 B8 C4 D1 E7 F2 G6 H3 
65. A6 B1 C5 D2 E8 F3 G7 H4 
66. A6 B2 C7 D1 E3 F5 G8 H4 
67. A6 B2 C7 D1 E4 F8 G5 H3 
68. A6 B3 C1 D7 E5 F8 G2 H4 
69. A6 B3 C1 D8 E4 F2 G7 H5 
70. A6 B3 C1 D8 E5 F2 G4 H7 
71. A6 B3 C5 D7 E1 F4 G2 H8 
72. A6 B3 C5 D8 E1 F4 G2 H7 
73. A6 B3 C7 D2 E4 F8 G1 H5 
74. A6 B3 C7 D2 E8 F5 G1 H4 
75. A6 B3 C7 D4 E1 F8 G2 H5 
76. A6 B4 C1 D5 E8 F2 G7 H3 
77. A6 B4 C2 D8 E5 F7 G1 H3 
78. A6 B4 C7 D1 E3 F5 G2 H8 
79. A6 B4 C7 D1 E8 F2 G5 H3 
80. A6 B8 C2 D4 E1 F7 G5 H3 
81. A7 B1 C3 D8 E6 F4 G2 H5 
82. A7 B2 C4 D1 E8 F5 G3 H6 
83. A7 B2 C6 D3 E1 F4 G8 H5 
84. A7 B3 C1 D6 E8 F5 G2 H4 
85. A7 B3 C8 D2 E5 F1 G6 H4 
86. A7 B4 C2 D5 E8 F1 G3 H6 
87. A7 B4 C2 D8 E6 F1 G3 H5 
88. A7 B5 C3 D1 E6 F8 G2 H4 
89. A8 B2 C4 D1 E7 F5 G3 H6 
90. A8 B2 C5 D3 E1 F7 G4 H6 
91. A8 B3 C1 D6 E2 F5 G7 H4 
92. A8 B4 C1 D3 E6 F2 G7 H5 
Using java runtime at: /home/jdk1.6.0_35/jre
make[2]: Leaving directory `/home/openjdk/hotspot/build_jvm'
make[1]: Leaving directory `/home/openjdk/hotspot/make'
cd /home/openjdk/hotspot/make; \
make VM_TARGET=jvmg1 generic_build1 ALT_OUTPUTDIR=/home/openjdk/hotspot/build_jvm
make[1]: Entering directory `/home/openjdk/hotspot/make'
Makefile:378: target `/Xusage.txt' given more than once in the same rule.
mkdir -p /home/openjdk/hotspot/build_jvm
No compiler1 (jvmg1) for ARCH_DATA_MODEL=64
make[1]: Leaving directory `/home/openjdk/hotspot/make'
